<?xml version="1.0" encoding="UTF-8" ?>
<testsuite tests="8" failures="1" name="TestSuite" time="1.333" errors="0" skipped="7">
  <properties>
[...]
</properties>
  <testcase classname="com.course.cases.LoginTest" name="beforeTest" time="0">
    <failure message="org/apache/commons/logging/LogFactory" type="java.lang.NoClassDefFoundError">java.lang.NoClassDefFoundError: org/apache/commons/logging/LogFactory
	at org.apache.http.impl.client.AbstractHttpClient.&lt;init&gt;(AbstractHttpClient.java:182)
	at org.apache.http.impl.client.DefaultHttpClient.&lt;init&gt;(DefaultHttpClient.java:150)
	at com.course.cases.LoginTest.beforeTest(LoginTest.java:30)
Caused by: java.lang.ClassNotFoundException: org.apache.commons.logging.LogFactory
	at java.net.URLClassLoader.findClass(URLClassLoader.java:382)
	at java.lang.ClassLoader.loadClass(ClassLoader.java:424)
	at sun.misc.Launcher$AppClassLoader.loadClass(Launcher.java:349)
	at java.lang.ClassLoader.loadClass(ClassLoader.java:357)
	... 35 more
</failure>
    <system-out>@HL
@HL-------------------------------------------------------
@HL T E S T S
@HL-------------------------------------------------------
@SLRunning TestSuite
</system-out>
  </testcase>
  <testcase classname="com.course.cases.LoginTest" name="loginTrue" time="0">
    <skipped/>
  </testcase>
  <testcase classname="com.course.cases.LoginTest" name="loginFalse" time="0">
    <skipped/>
  </testcase>
  <testcase classname="com.course.cases.AddUserCaseTest" name="addUserCaseTest" time="0">
    <skipped/>
  </testcase>
  <testcase classname="com.course.cases.GetUserInfoCaseTest" name="getUserInfoCaseTest" time="0">
    <skipped/>
  </testcase>
  <testcase classname="com.course.cases.GetUserListCaseTest" name="getUserListCaseTest" time="0">
    <skipped/>
  </testcase>
  <testcase classname="com.course.cases.UpdateUserInfoCaseTest" name="updateUserInfoCaseTest" time="0">
    <skipped/>
  </testcase>
  <testcase classname="com.course.cases.UpdateUserInfoCaseTest" name="deleteUserTest" time="0">
    <skipped/>
  </testcase>
</testsuite>