<?xml version="1.0" encoding="UTF-8"?>
<!-- Generated by org.testng.reporters.JUnitXMLReporter -->
<testsuite hostname="SO3TWRAOCIOIH8K" ignored="0" name="用户管理系统测试用例" tests="7" failures="0" timestamp="22 七月 2019 09:10:52 GMT" time="0.063" errors="0">
  <testcase name="@BeforeTest beforeTest" time="0.0" classname="com.course.cases.LoginTest">
    <failure type="java.lang.NoClassDefFoundError" message="org/apache/commons/logging/LogFactory">
      <![CDATA[java.lang.NoClassDefFoundError: org/apache/commons/logging/LogFactory
	at org.apache.http.impl.client.AbstractHttpClient.<init>(AbstractHttpClient.java:182)
	at org.apache.http.impl.client.DefaultHttpClient.<init>(DefaultHttpClient.java:150)
	at com.course.cases.LoginTest.beforeTest(LoginTest.java:30)
	at com.sun.proxy.$Proxy0.invoke(Unknown Source)
Caused by: java.lang.ClassNotFoundException: org.apache.commons.logging.LogFactory
	at java.net.URLClassLoader.findClass(URLClassLoader.java:382)
	at java.lang.ClassLoader.loadClass(ClassLoader.java:424)
	at sun.misc.Launcher$AppClassLoader.loadClass(Launcher.java:349)
	at java.lang.ClassLoader.loadClass(ClassLoader.java:357)
	... 35 more
... Removed 31 stack frames]]>
    </failure>
  </testcase> <!-- @BeforeTest beforeTest -->
  <testcase name="loginTrue" time="0.0" classname="com.course.cases.LoginTest">
    <skipped/>
  </testcase> <!-- loginTrue -->
  <testcase name="loginFalse" time="0.0" classname="com.course.cases.LoginTest">
    <skipped/>
  </testcase> <!-- loginFalse -->
  <testcase name="addUserCaseTest" time="0.0" classname="com.course.cases.AddUserCaseTest">
    <skipped/>
  </testcase> <!-- addUserCaseTest -->
  <testcase name="getUserInfoCaseTest" time="0.0" classname="com.course.cases.GetUserInfoCaseTest">
    <skipped/>
  </testcase> <!-- getUserInfoCaseTest -->
  <testcase name="getUserListCaseTest" time="0.0" classname="com.course.cases.GetUserListCaseTest">
    <skipped/>
  </testcase> <!-- getUserListCaseTest -->
  <testcase name="updateUserInfoCaseTest" time="0.0" classname="com.course.cases.UpdateUserInfoCaseTest">
    <skipped/>
  </testcase> <!-- updateUserInfoCaseTest -->
  <testcase name="deleteUserTest" time="0.0" classname="com.course.cases.UpdateUserInfoCaseTest">
    <skipped/>
  </testcase> <!-- deleteUserTest -->
</testsuite> <!-- 用户管理系统测试用例 -->
